<?xml version="1.0" encoding="UTF-8"?>
<!-- Generated by org.testng.reporters.JUnitReportReporter -->
<testsuite hostname="LAPTOP-7DBDHR0F" failures="0" tests="1" name="testngDemo.Example5" time="0.001" errors="0" timestamp="2024-04-18T07:34:33 IST" skipped="0">
  <testcase classname="testngDemo.Example5" name="testCase1" time="0.001"/>
  <system-out/>
</testsuite> <!-- testngDemo.Example5 -->
