<?xml version="1.0" encoding="UTF-8"?>
<!-- Generated by org.testng.reporters.JUnitReportReporter -->
<testsuite hostname="LAPTOP-7DBDHR0F" failures="0" tests="4" name="testngDemo.Assignment01" time="32.832" errors="0" timestamp="2024-04-20T15:06:51 IST" skipped="0">
  <testcase classname="testngDemo.Assignment01" name="orangeHRM_PIMCreation" time="14.782"/>
  <system-out/>
  <testcase classname="testngDemo.Assignment01" name="orangeHRM_PIMDelete" time="0.002"/>
  <system-out/>
  <testcase classname="testngDemo.Assignment01" name="sourceDemoShopping" time="6.090"/>
  <system-out/>
  <testcase classname="testngDemo.Assignment01" name="orangeHRM_PIMUpdate" time="11.958"/>
  <system-out/>
</testsuite> <!-- testngDemo.Assignment01 -->
