<?xml version="1.0" encoding="UTF-8"?>
<!-- Generated by org.testng.reporters.JUnitReportReporter -->
<testsuite hostname="LAPTOP-7DBDHR0F" failures="0" tests="1" name="testngDemo.Example1" time="0.000" errors="0" timestamp="2024-04-18T07:34:33 IST" skipped="0">
  <testcase classname="testngDemo.Example1" name="testcase1" time="0.000"/>
  <system-out/>
</testsuite> <!-- testngDemo.Example1 -->
