<?xml version="1.0" encoding="UTF-8"?>
<!-- Generated by org.testng.reporters.JUnitReportReporter -->
<testsuite hostname="LAPTOP-7DBDHR0F" failures="0" tests="4" name="testngDemo.Example3" time="0.019" errors="0" timestamp="2024-04-18T07:34:33 IST" skipped="1">
  <testcase classname="testngDemo.Example3" name="testCase4" time="0.016"/>
  <system-out/>
  <testcase classname="testngDemo.Example3" name="testCase1" time="0.002"/>
  <system-out/>
  <testcase classname="testngDemo.Example3" name="testCase2" time="0.001"/>
  <system-out/>
  <testcase classname="testngDemo.Example3" name="testCase3">
    <skipped/>
  </testcase> <!-- testCase3 -->
  <system-out/>
</testsuite> <!-- testngDemo.Example3 -->
