<?xml version="1.0" encoding="UTF-8"?>
<!-- Generated by org.testng.reporters.JUnitReportReporter -->
<testsuite hostname="LAPTOP-7DBDHR0F" failures="0" tests="3" name="testngDemo.Example2" time="0.006" errors="0" timestamp="2024-04-18T07:34:33 IST" skipped="0">
  <testcase classname="testngDemo.Example2" name="testCase1" time="0.002"/>
  <system-out/>
  <testcase classname="testngDemo.Example2" name="testCase3" time="0.002"/>
  <system-out/>
  <testcase classname="testngDemo.Example2" name="testCase2" time="0.002"/>
  <system-out/>
</testsuite> <!-- testngDemo.Example2 -->
