<?xml version="1.0" encoding="UTF-8"?>
<!-- Generated by org.testng.reporters.JUnitReportReporter -->
<testsuite hostname="LAPTOP-7DBDHR0F" failures="0" tests="2" name="testngDemo.OrangeHrmPIMWithBeforeAndAfterTest" time="4.491" errors="0" timestamp="2024-04-17T22:33:54 IST" skipped="0">
  <testcase classname="testngDemo.OrangeHrmPIMWithBeforeAndAfterTest" name="testOrangeHrmLogin_NegativeFlow" time="0.014"/>
  <system-out/>
  <testcase classname="testngDemo.OrangeHrmPIMWithBeforeAndAfterTest" name="testOrangeHrmLogin_PositiveFlow" time="4.477"/>
  <system-out/>
</testsuite> <!-- testngDemo.OrangeHrmPIMWithBeforeAndAfterTest -->
