<?xml version="1.0" encoding="UTF-8"?>
<!-- Generated by org.testng.reporters.JUnitReportReporter -->
<testsuite hostname="LAPTOP-7DBDHR0F" failures="0" tests="2" name="testngDemo.OrangeHrmPIMWithBeforeAndAfter" time="13.043" errors="0" timestamp="2024-04-17T16:27:02 IST" skipped="0">
  <testcase classname="testngDemo.OrangeHrmPIMWithBeforeAndAfter" name="testOrangeHrmLeavePage" time="6.608"/>
  <system-out/>
  <testcase classname="testngDemo.OrangeHrmPIMWithBeforeAndAfter" name="testOrangeHrmPIMPage" time="6.435"/>
  <system-out/>
</testsuite> <!-- testngDemo.OrangeHrmPIMWithBeforeAndAfter -->
