<?xml version="1.0" encoding="UTF-8"?>
<!-- Generated by org.testng.reporters.JUnitReportReporter -->
<testsuite hostname="LAPTOP-7DBDHR0F" failures="0" tests="2" name="testngDemo.AssignOrangeHrm_PIM" time="20.043" errors="0" timestamp="2024-04-19T15:04:24 IST" skipped="0">
  <testcase classname="testngDemo.AssignOrangeHrm_PIM" name="testPIM_Creation" time="9.343"/>
  <system-out/>
  <testcase classname="testngDemo.AssignOrangeHrm_PIM" name="testPIM_Update" time="10.700"/>
  <system-out/>
</testsuite> <!-- testngDemo.AssignOrangeHrm_PIM -->
